    Blocking waiting for file lock on package cache
warning: function `get_test_script_dir` is never used
 --> crates\pasta\tests\common\mod.rs:9:8
  |
9 | pub fn get_test_script_dir() -> PathBuf {
  |        ^^^^^^^^^^^^^^^^^^^
  |
  = note: `#[warn(dead_code)]` (part of `#[warn(unused)]`) on by default

warning: function `create_unique_persistence_dir` is never used
  --> crates\pasta\tests\common\mod.rs:38:8
   |
38 | pub fn create_unique_persistence_dir() -> std::io::Result<PathBuf> {
   |        ^^^^^^^^^^^^^^^^^^^^^^^^^^^^^

warning: `pasta` (test "engine_integration_test") generated 2 warnings
    Finished `test` profile [unoptimized + debuginfo] target(s) in 0.23s
     Running tests\engine_integration_test.rs (target\debug\deps\engine_integration_test-3e90d3d695e0aabd.exe)

running 1 test
=== Generated Rune Source (from directory) ===
use pasta_stdlib::*;

pub mod 謖ｨ諡ｶ_1 {
    use pasta::*;
    use pasta_stdlib::*;
    use crate::actors::*;

    pub fn __start__(ctx, args) {
        ctx.actor = 縺輔￥繧・
        yield Actor(ctx.actor.name);
        yield Talk("縺薙ｓ縺ｫ縺｡縺ｯ");
        ctx.actor = 縺・↓繧・≧;
        yield Actor(ctx.actor.name);
        yield Talk("繧・≠");
    }
}

pub mod __pasta_trans2__ {
    pub fn label_selector(label, filters) {
        let id = pasta_stdlib::select_label_to_id(label, filters);
        match id {
            1 => crate::謖ｨ諡ｶ_1::__start__,
            _ => |_ctx, _args| { yield pasta_stdlib::Error(`繝ｩ繝吶ΝID ${id} 縺瑚ｦ九▽縺九ｊ縺ｾ縺帙ｓ縺ｧ縺励◆縲Ａ); },
        }
    }
}

pub mod pasta {
    pub fn jump(ctx, label, filters, args) {
        let func = crate::__pasta_trans2__::label_selector(label, filters);
        for a in func(ctx, args) { yield a; }
    }

    pub fn call(ctx, label, filters, args) {
        let func = crate::__pasta_trans2__::label_selector(label, filters);
        for a in func(ctx, args) { yield a; }
    }
}

===============================================
Error: RuneCompileError("Failed to compile Rune: Failed to build rune sources (see diagnostics for details)")
test test_engine_execute_simple_label ... FAILED

failures:

failures:
    test_engine_execute_simple_label

test result: FAILED. 0 passed; 1 failed; 0 ignored; 0 measured; 17 filtered out; finished in 0.06s

error: test failed, to rerun pass `-p pasta --test engine_integration_test`
