    Finished `test` profile [unoptimized + debuginfo] target(s) in 0.27s
     Running tests\comprehensive_rune_vm_test.rs (target\debug\deps\comprehensive_rune_vm_test-711615b547c4280c.exe)

running 1 test
test test_comprehensive_control_flow_rune_compile ... FAILED

failures:

---- test_comprehensive_control_flow_rune_compile stdout ----
=== Transpiled Rune Code (first 100 lines) ===
  1: use pasta_stdlib::*;
  2: 
  3: pub mod 繝｡繧､繝ｳ_1 {
  4:     use pasta::*;
  5:     use pasta_stdlib::*;
  6:     use crate::actors::*;
  7: 
  8:     pub fn __start__(ctx, args) {
  9:         let 繧ｫ繧ｦ繝ｳ繧ｿ = 10;
 10:         ctx.actor = 縺輔￥繧・
 11:         yield Actor(ctx.actor.name);
 12:         yield pasta_stdlib::word(ctx, "謖ｨ諡ｶ", []);
 13:         ctx.actor = 縺・↓繧・≧;
 14:         yield Actor(ctx.actor.name);
 15:         yield pasta_stdlib::word(ctx, "繝ｭ繝ｼ繧ｫ繝ｫ髢｢謨ｰ", ["縺ｯ繧阪・"]);
 16:         for a in call(ctx, "閾ｪ蟾ｱ邏ｹ莉・, #{}, []) { yield a; }
 17:         let 繧ｫ繧ｦ繝ｳ繧ｿ = 1;
 18:         for a in call(ctx, "繧ｫ繧ｦ繝ｳ繝郁｡ｨ遉ｺ", #{}, [繧ｫ繧ｦ繝ｳ繧ｿ]) { yield a; }
 19:         for a in jump(ctx, "莨夊ｩｱ蛻・ｲ・, #{}, []) { yield a; }
 20:     pub fn 繝ｭ繝ｼ繧ｫ繝ｫ髢｢謨ｰ(ctx, args) {
 21:     let 繝｡繝・そ繝ｼ繧ｸ = args[0];
 22:     ctx.actor = 縺・↓繧・≧;
 23:     yield Actor(ctx.actor.name);
 24:     yield Talk(`繝ｭ繝ｼ繧ｫ繝ｫ髢｢謨ｰ縺悟他縺ｰ繧後∪縺励◆: ${繝｡繝・そ繝ｼ繧ｸ}`);
 25:     }
 26:     }
 27:     pub fn 閾ｪ蟾ｱ邏ｹ莉祇1(ctx, args) {
 28:         ctx.actor = 縺輔￥繧・
 29:         yield Actor(ctx.actor.name);
 30:         yield Talk("遘√・縺輔￥繧峨〒縺吶・);
 31:         ctx.actor = 縺・↓繧・≧;
 32:         yield Actor(ctx.actor.name);
 33:         yield Talk("蜒輔・縺・↓繧・≧縺繧医・);
 34:         for a in call(ctx, "雜｣蜻ｳ邏ｹ莉・, #{}, []) { yield a; }
 35:     }
 36: 
 37:     pub fn 雜｣蜻ｳ邏ｹ莉祇1(ctx, args) {
 38:         ctx.actor = 縺輔￥繧・
 39:         yield Actor(ctx.actor.name);
 40:         yield Talk("遘√・雜｣蜻ｳ縺ｯ隱ｭ譖ｸ縺ｧ縺吶・);
 41:         ctx.actor = 縺・↓繧・≧;
 42:         yield Actor(ctx.actor.name);
 43:         yield Talk("蜒輔・繧ｲ繝ｼ繝縺悟･ｽ縺阪・);
 44:     }
 45: 
 46:     pub fn 繧ｫ繧ｦ繝ｳ繝郁｡ｨ遉ｺ_1(ctx, args) {
 47:         ctx.actor = 縺輔￥繧・
 48:         yield Actor(ctx.actor.name);
 49:         yield Talk("繧ｫ繧ｦ繝ｳ繧ｿ繝ｼ縺ｯ・・､縺ｧ縺吶・);
 50:     }
 51: 
 52:     pub fn 莨夊ｩｱ蛻・ｲ神1(ctx, args) {
 53:         ctx.actor = 縺輔￥繧・
 54:         yield Actor(ctx.actor.name);
 55:         yield pasta_stdlib::word(ctx, "蝣ｴ謇縺ｮ螟ｩ豌励・", []);
 56:         yield pasta_stdlib::word(ctx, "螟ｩ豌励□縺ｭ", []);
 57:         yield Talk("縲・);
 58:         ctx.actor = 縺・↓繧・≧;
 59:         yield Actor(ctx.actor.name);
 60:         yield Talk("縺昴≧縺縺ｭ縲・);
 61:         for a in jump(ctx, "蛻･縺ｮ隧ｱ鬘・, #{}, []) { yield a; }
 62:     }
 63: 
 64:     pub fn 蛻･縺ｮ隧ｱ鬘契1(ctx, args) {
 65:         ctx.actor = 縺輔￥繧・
 66:         yield Actor(ctx.actor.name);
 67:         yield Talk("縺ｨ縺薙ｍ縺ｧ縲∵・譌･縺ｯ菴輔☆繧具ｼ・);
 68:         ctx.actor = 縺・↓繧・≧;
 69:         yield Actor(ctx.actor.name);
 70:         yield Talk("縺ｾ縺豎ｺ繧√※縺ｪ縺・↑縺√・);
 71:     }
 72: 
 73: }
 74: 
 75: pub mod __pasta_trans2__ {
 76:     pub fn label_selector(label, filters) {
 77:         let id = pasta_stdlib::select_label_to_id(label, filters);
 78:         match id {
 79:             1 => crate::繝｡繧､繝ｳ_1::__start__,
 80:             2 => crate::繝｡繧､繝ｳ_1::閾ｪ蟾ｱ邏ｹ莉祇1,
 81:             3 => crate::繝｡繧､繝ｳ_1::雜｣蜻ｳ邏ｹ莉祇1,
 82:             4 => crate::繝｡繧､繝ｳ_1::繧ｫ繧ｦ繝ｳ繝郁｡ｨ遉ｺ_1,
 83:             5 => crate::繝｡繧､繝ｳ_1::莨夊ｩｱ蛻・ｲ神1,
 84:             6 => crate::繝｡繧､繝ｳ_1::蛻･縺ｮ隧ｱ鬘契1,
 85:             _ => |_ctx, _args| { yield pasta_stdlib::Error(`繝ｩ繝吶ΝID ${id} 縺瑚ｦ九▽縺九ｊ縺ｾ縺帙ｓ縺ｧ縺励◆縲Ａ); },
 86:         }
 87:     }
 88: }
 89: 
 90: pub mod pasta {
 91:     pub fn jump(ctx, label, filters, args) {
 92:         let func = crate::__pasta_trans2__::label_selector(label, filters);
 93:         for a in func(ctx, args) { yield a; }
 94:     }
 95: 
 96:     pub fn call(ctx, label, filters, args) {
 97:         let func = crate::__pasta_trans2__::label_selector(label, filters);
 98:         for a in func(ctx, args) { yield a; }
 99:     }
100: }
... (100 lines total)

笶・Rune VM compilation FAILED!
Error details: BuildError {
    kind: Default,
}

thread 'test_comprehensive_control_flow_rune_compile' (6700) panicked at crates\pasta\tests\comprehensive_rune_vm_test.rs:61:13:
Rune compilation failed for comprehensive_control_flow.pasta
stack backtrace:
   0: std::panicking::panic_handler
             at /rustc/ded5c06cf21d2b93bffd5d884aa6e96934ee4234/library\std\src\panicking.rs:698
   1: core::panicking::panic_fmt
             at /rustc/ded5c06cf21d2b93bffd5d884aa6e96934ee4234/library\core\src\panicking.rs:80
   2: comprehensive_rune_vm_test::test_comprehensive_control_flow_rune_compile
             at .\tests\comprehensive_rune_vm_test.rs:61
   3: comprehensive_rune_vm_test::test_comprehensive_control_flow_rune_compile::closure$0
             at .\tests\comprehensive_rune_vm_test.rs:7
   4: core::ops::function::FnOnce::call_once<comprehensive_rune_vm_test::test_comprehensive_control_flow_rune_compile::closure_env$0,tuple$<> >
             at C:\rust\up\toolchains\stable-x86_64-pc-windows-msvc\lib\rustlib\src\rust\library\core\src\ops\function.rs:250
   5: core::ops::function::FnOnce::call_once
             at /rustc/ded5c06cf21d2b93bffd5d884aa6e96934ee4234/library\core\src\ops\function.rs:250
note: Some details are omitted, run with `RUST_BACKTRACE=full` for a verbose backtrace.


failures:
    test_comprehensive_control_flow_rune_compile

test result: FAILED. 0 passed; 1 failed; 0 ignored; 0 measured; 0 filtered out; finished in 0.48s

error: test failed, to rerun pass `-p pasta --test comprehensive_rune_vm_test`
